0.18232166131653665
0.15510870893058049
0.15276051644648789
0.14793119992368003
0.14759922498308156
0.14650890795389018
0.1454712489789248
0.14480107670821504
0.14376520583775165
0.1429668445863721
0.14259006465074214
0.14188686604118686
0.14126003523517636
0.1405426614641993
0.1405339764758276
0.14050363987138825
0.1400070779257197
0.13996373129806519
0.13950380730045253
0.13919689611246028
0.1391759833420389
0.13873095914527289
0.13761652519128828
0.13720896940062896
0.1361672703950462
0.13490984534006642
0.13483987416233087
0.1346226736867765
0.13391568334958831
0.13383689626409387
0.13372276757480397
0.13332958946203469
0.13209302486117436
0.13081629174304393
0.13020300107766158
0.12915047647599745
0.12807117770800427
0.12651301650230051
0.12640202611386969
0.12626574140984378
0.1261319109970529
0.12608273333851214
0.12604500029605045
0.1257952690283568
0.12536277903925466
0.12487075703368899
0.12452292540797036
0.12444318169956133
0.12430779864137277
0.12420072024808261
0.12392646634852961
0.12390963605356577
0.12345585616681766
0.12340115916953477
0.12312877738034693
0.12262156590670327
0.12260123040327474
0.1225487287758637
0.12252943730206839
0.12248336466161935
0.12173560460562706
0.12151801380786054
0.12125349547768148
0.12064801944495362
0.12033795154437066
0.11998522509897405
0.11949626769702035
0.11901966840656743
0.11900930273400748
0.11873042334090395
0.11863714109593657
0.118550303295778
0.11827139296650577
0.11825525862469935
0.11811794833965322
0.11752959652854417
0.11731120975052317
0.11713266362435951
0.11647717273469359
0.11571122003069775
0.1152726519289221
0.11437989298613099
0.11434864857668484
0.11421538522015379
0.11401418069463744
0.11357709074333813
0.11326920557543363
0.11290990157405588
0.11274739456072079
0.11253167412291908
0.11203693105454486
0.11172994947881404
0.11136434072953735
0.11087830303570721
0.11055060279930534
0.11002352755896903
0.10984013241570835
0.10958485804571075
0.10923478439350606
0.10901097305044889
0.10817008325362056
0.10814760462590253
0.10808843453737607
0.10807487462610033
0.10766125726222317
0.10755474097080384
0.10723129013147525
0.10720791603930996
0.10713406958877988
0.10674527670299896
0.10557822366403607
0.10547921556376948
0.10505216051348169
0.10463297364806183
0.10424532375715446
0.10402544078360476
0.10399645139474488
0.10383235690319988
0.10382797666872637
0.10382663231539456
0.1037438546700928
0.10363848455447991
0.10348469563457353
0.10337566911032295
0.10333207637597858
0.10317588640779486
0.10302934921482945
0.10296747140870646
0.1028494848784821
0.10279080649195282
0.10268828036039523
0.10264500591264329
0.10256462088819851
0.10242043425924287
0.1021942408090907
0.10186108979938485
0.10172470107597892
0.1016169475686908
0.10068277249265296
0.10059245600173966
0.10035195882584648
0.099680870105922456
0.099456809203957927
0.099431068062058717
0.098549103877778529
0.098528405921311957
0.098510478623972858
0.098367818717795666
0.097663613143025574
0.097554482012833066
0.09750748407366136
0.097499612345175138
0.097314537466126241
0.097079472096020511
0.096995916704585447
0.096945233468322817
0.096834245222094481
0.096497462272126036
0.096449680103095806
0.096298086401249372
0.096177680073029598
0.096038410189972612
0.095977715579765269
0.095963950309510784
0.095816048482081306
0.095730682305143977
0.095680170218694377
0.095671504579431549
0.095605415105234154
0.095604810768369325
0.095461610232634428
0.095259629684306277
0.095214869241352154
0.094757681365544369
0.094344170285411699
0.094299229891909211
0.093767933787897703
0.093440267689433351
0.093219639490765172
0.093167097357244585
0.092953578981826171
0.092799864238780908
0.0927955620672372
0.092634456219980704
0.092200454337560023
0.091961028844096418
0.091913704745736527
0.091209797329130607
0.090719205967867894
0.090469818488033565
0.090410315500175212
0.090315332006005833
0.090247429953115715
0.090154352927441936
0.089925128559618886
0.089805164107115781
0.08975756780097581
0.089456608292111675
0.089229869485164356
0.089192053737673402
0.089163211108817017
0.089137092757116995
0.089093561167027893
0.088888166328421989
0.08880161710662067
0.088795158876737695
0.088486632580696639
0.088402368447950547
0.088377812727698415
0.088352626318428343
0.088352443251272852
0.088290250326086228
0.088188376277911554
0.087976850063944345
0.087673448771077356
0.087616880329595012
0.087380721793028707
0.087181837091765607
0.08713776702071821
0.087119240384772548
0.086957586904850795
0.085881335939228989
0.0855407670176066
0.085538883411914179
0.085381681668997442
0.085381115322033546
0.084659984326017138
0.084460713485109598
0.084386103767527337
0.084345563650842822
0.084317148791128324
0.084292916544675453
0.084133749484550546
0.083922676494933596
0.083867207052527704
0.083847293685420571
0.083833836537284379
0.083455445340088294
0.083375124567409156
0.083370192915276212
0.082909926337645365
0.082771469726310359
0.082715342624948909
0.082702618149495338
0.082538490477323895
0.082509113539804571
0.081882497667325138
0.081516500162663735
0.081378828328192779
0.081225155690477238
0.081197765852708756
0.0803852798408074
0.080328457162580622
0.080212960683014783
0.080034950949675984
0.080019167139555467
0.079936310178894035
0.079732390947312923
0.079467926336213246
0.079199860299737967
0.079146989327525341
0.079144752351887157
0.079143609915257568
0.079040540889654246
0.079031908654025068
0.078811459896282049
0.078711395141111182
0.078471224055468816
0.078089841617937208
0.078074396067505436
0.078047047471003966
0.077533177742083237
0.077418078129333295
0.077388751135435183
0.077324855932745296
0.077239178168730854
0.07714672468753507
0.07702382624711579
0.076852739799133443
0.076676980465354913
0.076603834263479345
0.076312678203348083
0.076091323385994544
0.076041273144218227
0.075656884867590327
0.07547265194320367
0.07539910965308419
0.0752865705733608
0.075258366122077966
0.074761053211759007
0.074722485592501331
0.074557112484483892
0.074432874303953567
0.074356363095289937
0.074228196293487897
0.074036137953455358
0.073871912100980403
0.073844103908012562
0.073519211708463428
0.073265557455923128
0.073014052342932512
0.072925040601461003
0.07290916740332419
0.072886756553846563
0.072471103129838177
0.072452489854905322
0.072325421538184942
0.072243538408494665
0.072100243994101032
0.071883990117879909
0.07183423182580842
0.071638477827898644
0.071587339212176485
0.071364077147835117
0.071360093471334082
0.071196964080478903
0.071011765694566728
0.07089965811631109
0.070883260675867407
0.070802424745568263
0.070656136373549325
0.070610083104493113
0.070517734028805887
0.070240879073439788
0.070102111135046941
0.069899831042962657
0.069834488251361668
0.069728362353551052
0.069619082888592809
0.069617198846624082
0.069593716393696839
0.069058665924119383
0.068992955379610296
0.068975481416357426
0.068920433415629909
0.068789148398042621
0.068519063096229002
0.068222947391908595
0.068125874956864868
0.068104828334573556
0.068096984508117783
0.067992650282892461
0.067776705802201589
0.067762587925099788
0.067659264702850261
0.067245076744824009
0.067228133086613157
0.06715550115451896
0.067058664505487364
0.066782213547736252
0.066597108373355682
0.066443482847680091
0.066442846664359997
0.066141755287538642
0.066125976982623833
0.066080032497654317
0.065936807127137551
0.06585027548516928
0.06570216429402477
0.065661783908495044
0.065617287821551837
0.065354236111131572
0.064936383544201212
0.064930493707303832
0.064876918087538787
0.064710219183227585
0.064610572328565694
0.064402069440063964
0.064384447045215162
0.063991083781011066
0.063825946385001303
0.063795310236537756
0.063737101925836856
0.063551968680702259
0.063513037749002771
0.06348087259617885
0.063245924405257836
0.063051378358839671
0.063035259620540407
0.062883220161634709
0.062843701188652318
0.06278701704250364
0.062722647666677803
0.062686446352731642
0.062628803001469308
0.062488416546257433
0.062347315523884873
0.062245198914750034
0.061803775081481757
0.061766200863719652
0.061552650979716454
0.061543397389138582
0.061488686535145616
0.061487238275043196
0.061473507834265466
0.061077963018123176
0.06095719138190752
0.060634620712908205
0.060560071426250299
0.060395206348252704
0.060229716475179142
0.060134010492863869
0.060103508565368502
0.059995102916589223
0.059799613387113447
0.059795411057950713
0.059738274871039748
0.059658485043269739
0.059649797863675712
0.059349433521642021
0.059177389468379818
0.059110928219329034
0.059050660628397471
0.058982987118733232
0.058883336316313165
0.058876512105284266
0.058717399797173456
0.058692451537077493
0.058503482296795896
0.058366914545100047
0.058286382921886454
0.058261233413061116
0.058183328570332614
0.058127060077409316
0.057995130274879424
0.057921485678966503
0.057883090333296285
0.057791454211294155
0.057630863578227123
0.057615686874924986
0.057535546006736868
0.057493480376857052
0.057469185126487875
0.057289090458752683
0.056998329389083245
0.056921397194310053
0.056692533313792051
0.056630563748486039
0.056625722111748426
0.056517979028175146
0.05639766475088262
0.056365157861443325
0.056284995650746558
0.056058871917595676
0.055909685040008136
0.055881822428502897
0.055645846978716718
0.055526114048555043
0.055488149921018491
0.055375423291294697
0.055322993755182383
0.05513624821553665
0.054968793967706847
0.054862427131069334
0.054668545045478384
0.054420097868112166
0.054388549102129757
0.054319838282982237
0.054277199229272363
0.05427642303876179
0.054270789513090265
0.054210943839249078
0.054177185435661614
0.054014471213044736
0.053863686692950372
0.053833348909238653
0.05381409947752077
0.053787373381512231
0.053588976387828072
0.053546608528926239
0.05353653789279491
0.053457987330790116
0.053179025926592398
0.053122547969319325
0.053095176360679827
0.05295378118891203
0.052908340097551007
0.052820370535362912
0.052696238664494036
0.052616354091496682
0.052479321004748773
0.052373053110486539
0.052275426631653014
0.052252649855164666
0.052247421091079618
0.052129356478976145
0.05208159372428927
0.051996308416381601
0.051885639269373479
0.051661080255303082
0.051644115318046524
0.051404111365974739
0.051369504328482085
0.051335324741321998
0.051271774294846466
0.051203208076788652
0.05109306540721277
0.051039601159573858
0.050792780364396869
0.050774559303517632
0.050741165508789439
0.050674357355927083
0.050669959040195965
0.050633993197107249
0.050594458417497344
0.050592497254364877
0.050534013907676451
0.050503897488210041
0.05040321226867004
0.050267651629182404
0.050187602509307094
0.050134390165324262
0.050132990575457975
0.050121708318840816
0.049915205601944505
0.049900311358474995
0.049860801610173984
0.049636648816822386
0.049608831563001325
0.049547112368135103
0.049528651493745163
0.049478155528287486
0.049381857251466023
0.049320117372774218
0.049301309864050867
0.049151600025362958
0.049109699487803728
0.049080942735860396
0.049032038761528444
0.049015674791249408
0.048949559138781143
0.048932878017987937
0.04862327668836218
0.048575812617899686
0.048549301164284006
0.047927710136117546
0.047899767352954439
0.047827440525974957
0.047756295098570961
0.047734527509800562
0.047636127838105086
0.047441444417420944
0.047332690550153447
0.047225982276322909
0.047191350133397203
0.047118915650641267
0.047065258199877093
0.047062322988432027
0.047061537609951624
0.046998151965468596
0.046943646877544147
0.046832354066646084
0.046800439715732965
0.046742999932796632
0.046658815112698801
0.046489765446679022
0.046460892302595841
0.04640976769574269
0.046377892629384465
0.046345593243003316
0.046345585173272204
0.046310999878215679
0.046290440473253015
0.046262406685040787
0.046241297995785254
0.046173794260292216
0.046125187260289281
0.046063106302511689
0.046024431674595863
0.046003095339149827
0.045859961953204013
0.045803053137483563
0.045796621713278966
0.04571380337901082
0.045689149030586393
0.04537320551795563
0.045345278004287483
0.045296124476377916
0.045282418829109147
0.045270671390536539
0.045263423495125792
0.045190657027302926
0.04515009870281575
0.045112962457772979
0.045055048188356844
0.044950005528799783
0.044915445411937531
0.044832509005613919
0.044822529898786961
0.044711878110384615
0.044472233937277936
0.044447365175529691
0.044374519491497157
0.044359635553060064
0.044336288653983258
0.044246603052359917
0.044187627518625108
0.044132512453352118
0.0441208846125766
0.044102379725824703
0.044047649827522448
0.043816316254846034
0.04380188103816867
0.043719899143215724
0.043701784622949755
0.043651774368622678
0.043563268038552309
0.043507870108248636
0.043507060511727043
0.043439607179070618
0.043385244921545239
0.043376388212064243
0.043240680366012335
0.043230687754443706
0.043213444907923594
0.043054300018987843
0.042990206269629627
0.04283288127874578
0.042664844417724307
0.042607952273762434
0.042605234959375328
0.042601649542447578
0.042595257735190788
0.042591778478633067
0.042387382028790124
0.042361706373444948
0.042242499209781993
0.042156436020211935
0.04210389573540646
0.042096418944020809
0.042089330844144499
0.042062498905407364
0.042007865797075737
0.042005632018083362
0.041997063254479709
0.041949455106746643
0.041920620857916646
0.041809549170906256
0.041808313161728214
0.041717042781882853
0.041712536473366417
0.041695522451967212
0.041679872194437216
0.041500060839733038
0.041479001853610559
0.041462415997575712
0.041339062021047784
0.041270290839149362
0.041227188850379216
0.041208355325038325
0.041195870296001434
0.041146396541067776
0.041061642765732896
0.041025787520546947
0.040972138577265151
0.040944382984928036
0.040884231055665299
0.040882713413028002
0.040852719787784424
0.040638087647291599
0.040543265347588835
0.040539057667437886
0.040339541835910014
0.040190802874214906
0.040120074511881348
0.039981517973559241
0.039869787656090831
0.039850354784890421
0.039844461802873231
0.039832878699233305
0.039702781499087604
0.03962691510101507
0.039625073342208397
0.03956895679255272
0.039552248448093491
0.039412738587291649
0.039359640092983886
0.039347754082101769
0.039326188496765793
0.039261262392252486
0.039253287881146896
0.039113853484268289
0.038936447965527844
0.038884840373240033
0.038651797607920521
0.038611219232663717
0.038342473179518728
0.038254113074986933
0.038212047209995111
0.038192601338552519
0.03818321663886752
0.038116019390157345
0.038080627693111671
0.03801803847920588
0.03800316186450093
0.037993018541433977
0.037911457953511488
0.037890862538660919
0.037861368561345116
0.037842675616264997
0.037812700844674745
0.0377968457724338
0.037581972401579712
0.037580982680041099
0.037508674963175725
0.0374933581150593
0.037472626753106829
0.03747127520587458
0.037334253366318744
0.037294555859391003
0.037197998127695239
0.037175563466777972
0.037175387241224593
0.037042984909415023
0.036990635215934042
0.036975045519929965
0.036932038929142104
0.036911105636943685
0.03687861566245005
0.036740784267173907
0.036688319090820175
0.036667942396949198
0.036660469716355795
0.03659479583193468
0.036544963590281372
0.036536480587702244
0.036473662018251703
0.036364285755542243
0.036360175551381671
0.03627360476222756
0.03619698205063878
0.036131838470115703
0.03603974368004588
0.036024544720715937
0.0360082195355996
0.035999784854782543
0.035946505784445519
0.035935869754883894
0.03592371211933764
0.035860754857841848
0.035850455362730502
0.035839042232218538
0.03581597639221229
0.035713185012395864
0.035684984652675743
0.035677461822142667
0.035561058381678466
0.035512491805788429
0.035498520219800551
0.035489042830883867
0.035371920312893379
0.035353077116839132
0.035193726859634199
0.035181919936267451
0.035005420312151508
0.035003049190738648
0.03495925473071966
0.034907904149615643
0.034884865439375336
0.034859847764075212
0.034859770931846064
0.034771943386969741
0.034769422539410413
0.034745588764871271
0.034616385557227784
0.034579890298681998
0.03456855831600774
0.034452479051347615
0.034431529333210899
0.034301048571295019
0.034269362808227344
0.034235819925900607
0.03421583887341674
0.034180236851151041
0.034156907172508751
0.034133338719739462
0.034103993080852026
0.034098734923597891
0.034094826369153813
0.034034033423542019
0.034014306291181719
0.033985665206129272
0.033881721695975635
0.033847737827689899
0.033839034807597063
0.033805970771583059
0.033756997892023105
0.033699818306146871
0.033696184147838266
0.033479714763509208
0.033449026547704271
0.033391271561359161
0.033353575039823211
0.033336694696533706
0.033254321541750211
0.033221510805630627
0.033159717908234916
0.033158590182721437
0.033130229806254338
0.033041327527881817
0.033011082434112653
0.032963613661596385
0.032868464804654544
0.032850772514524562
0.032849196882525009
0.032782361998926535
0.03261935876787643
0.03259859892466125
0.032597952733431725
0.032542001727870459
0.032513874257105752
0.032452728786326948
0.032418245198951208
0.032310014350910445
0.032194962524088454
0.032137061976492867
0.032135817513611602
0.03212698628666532
0.032123757781672965
0.032109563512354181
0.031986114426654298
0.031963088730807672
0.031916184527490017
0.031820320058918612
0.031782512244272317
0.031757075334083729
0.031746181698742909
0.031676733012055966
0.031551592672367221
0.03148160615631572
0.031435972964179874
0.031411427017612049
0.031370552540610976
0.031366574689987034
0.031306764174308534
0.031275331041534508
0.031199686374550246
0.031178878143578573
0.031159781327208057
0.031076825106085528
0.031009718658989625
0.030988121664886126
0.030982332230400169
0.030942776336364244
0.030918724076205963
0.030915722099631823
0.030902101558693659
0.030901359460531175
0.030887315254716951
0.030789401443537541
0.030788319654439903
0.030782331049865889
0.030744598496250469
0.030716027409822901
0.030669300442653678
0.030666773178258045
0.03064961369537432
0.030502256679951115
0.030446452896708359
0.030439241165209206
0.030360309052055022
0.030343371268481197
0.030251745002082841
0.030248802501723095
0.030247452634126128
0.030178411624075276
0.030055718605452017
0.029966885565166256
0.029961058534932559
0.029948465248021298
0.029911601628472433
0.029754562683091981
0.029750526300954129
0.029743259859826694
0.029732405552698314
0.029701964886330947
0.029656420009077557
0.029646706480542392
0.029646115687261401
0.029604230322883663
0.029532899767768631
0.029431048780372154
0.029408935175857749
0.029398297516796387
0.029324076617872778
0.029313831267536613
0.029271567574993461
0.029204714976849993
0.029181398768999105
0.029178361530084955
0.029140329067294253
0.029137449112603814
0.029117064496995488
0.029105843992631289
0.029014999512408195
0.028988697306825115
0.028979048968053759
0.028975153929548646
0.028971935204268981
0.02894343466375637
0.028927835646083248
0.028923914716289773
0.028913216474585397
0.028895741161551244
0.028890153611623941
0.028889399545111934
0.028873385717940972
0.028864911609363091
0.028837059016007926
0.028814511112682028
0.028803945422239043
0.028801953538920014
0.028737943325553395
0.028732251992018083
0.028703542465786127
0.02866252741453813
0.028661344542711156
0.028638947302706063
0.028638754921022545
0.02862808014339811
0.028609583402084828
0.028605909679860739
0.028554882777757914
0.028549347827438325
0.028533891363905921
0.028515436960690869
0.028503550644399585
0.028490920133127127
0.028435291308200546
0.028434732560926126
0.028430482770592815
0.028418142113242565
0.028347755241497522
0.028331900375610144
0.028319373816088161
0.028280124267178061
0.028273573053604215
0.028254467207381628
0.028210549603972408
0.028175896701178579
0.028175271828074593
0.027983643299673362
0.027982607023460448
0.027935873505268882
0.027892862464471781
0.027807545856384546
0.02774493430795031
0.027703657684170147
0.027661583565363409
0.02766064081623329
0.027659676859217691
0.027657398722894914
0.02765687772496692
0.02763040219748852
0.02754569842267407
0.027540242719016377
0.027529169043761275
0.027426807839628291
0.027384474967656145
0.027379570513825162
0.027293166937791113
0.027158568271221688
0.02715262276929941
0.027131632715682051
0.026996220211475096
0.02696851138346839
0.026881802085608
0.026758596296601378
0.02675420076146251
0.026749212857876171
0.026746195592945388
0.026724327897453465
0.026718673830074615
0.026718059355643146
0.026625420456083942
0.026618848869182459
0.02658277214310676
0.026574903826991424
0.026559423171456494
0.026544358677461528
0.026537635972084733
0.026506889367608227
0.026501670216793099
0.02649702812723357
0.026490239223184307
0.02645176787228086
0.026401790163816607
0.02639605083820367
0.026382244597811882
0.026331359304507217
0.026330651552515183
0.026309331644043036
0.026307174420643533
0.02629248792522414
0.026249087082723613
0.02624294347965437
0.026221397157231277
0.026163838093874112
0.02616167578682629
0.026156009580089259
0.026127657761027885
0.026094628179198592
0.026090310623382948
0.026067120018540096
0.026041422472411202
0.026030196798337644
0.026020721978206773
0.025974299098147319
0.025973105768115276
0.025928571491304363
0.025906883613773728
0.025893139846335476
0.025850098838700611
0.025759491355687388
0.025705745780085928
0.025701035859496266
0.025694754420047872
0.025680028487573
0.025610477328794939
0.025599910902440209
0.025581521841853055
0.025574151747938138
0.02555468711099183
0.025534119858293181
0.025520635113203051
0.025518059683557005
0.02550275511074029
0.025494300181551036
0.025483827842262538
0.025456223618257008
0.025442482553144304
0.025414161966932743
0.025404993727672562
0.025390732938483214
0.025334587520177209
0.025316918182975531
0.025281532520492731
0.025234582478185635
0.025209629807428871
0.025204382518807932
0.025184391273986546
0.025162645699151956
0.02510944118268052
0.02504115624641385
0.025040408152845698
0.025032466377401828
0.025017548773595886
0.025002450516125249
0.024925101851051224
0.024904574209207889
0.024765640173560428
0.024764693403135293
0.024762745569718841
0.024738910850295854
0.024733483386046078
0.024667441317013577
0.024613751119540801
0.024599197411641745
0.024590702140485931
0.024589365516741582
0.024586213881050468
0.024585921527557425
0.024566703623948048
0.024556715512229967
0.024504063572923881
0.024484994061487447
0.024477826451735154
0.024458372102909961
0.024442801794119329
0.024379968326383738
0.024379640014968458
0.024355747214679598
0.024332075543234254
0.024331401602473848
0.024308840112428554
0.024288834539223279
0.024268077256836218
0.024245129465659675
0.02423390064764137
0.024166492097072573
0.024162410646604422
0.024096409015239809
0.024051291620347769
0.024032781162034913
0.02402053541315036
0.023997337401502998
0.023956393219833019
0.023944329575835487
0.023941231884853396
0.023938889890569651
0.023937826827177724
0.023903333985508968
0.023855386610703699
0.023851609273066704
0.023806275544073482
0.023793724595710226
0.023735251846174053
0.023722912368481723
0.023712084816780624
0.023688032532803927
0.023644139052337362
0.023624185646745545
0.023607469674329508
0.023582143980813153
0.023577638263973445
0.023526605580874112
0.023510795781762215
0.023499530937723195
0.023475969983166436
0.023460739412315672
0.023445210236981172
0.023390232347556248
0.02336529449576813
0.023351973250228662
0.023306249796373628
0.023272288697362767
0.023208009908335433
0.023193814686885063
0.023183100713506922
0.023140872200589115
0.02313193747199923
0.023124289840232664
0.023120758915650332
0.023118942523735229
0.023092001787948433
0.023072531316477626
0.023069417577840357
0.023029674710954937
0.023029517009798297
0.023007677095806162
0.022986857550658654
0.022925141160450184
0.022907337394278141
0.022856947282778671
0.022843015185946364
0.022835497567430557
0.02279490379250251
0.022792489373606957
0.02274151910901832
0.022729823791340958
0.022706507272969131
0.022641275294316539
0.022623465620560317
0.022600295438916125
0.022531932933020134
0.022518033163347429
0.022509736085259805
0.022451367052767606
0.022438172326388554
0.022403338838001642
0.022394905348860863
0.022376973846996509
0.022357824109414892
0.022356804145215597
0.022348900049984466
0.022344444595323393
0.022344147336932105
0.022293414342187633
0.022279733161833487
0.022274302971340195
0.022243549054905633
0.022168635832004395
0.02214754201778265
0.022145146843785778
0.022135959404825829
0.022101637631259885
0.022073250500952959
0.02206171823249627
0.022052114303180412
0.022000717305920733
0.021984888124661268
0.021974047042436256
0.021972740091340894
0.021950325315024916
0.021940533610303101
0.021846586570129167
0.021840392646021407
0.021829206212071295
0.021812360970517745
0.021806792632696033
0.021788645784181427
0.021756218666481246
0.021747175361557843
0.021741787068011297
0.021719509741312329
0.021717650725020365
0.021716296545778762
0.021667143925402459
0.021662838088482975
0.021654499676063737
0.021635099270178149
0.02163010684678118
0.021625413344313751
0.021611838822167703
0.021607526459919368
0.021606867186270334
0.021564791095318059
0.021557866210531285
0.021552590127142703
0.021518010632764869
0.02150421461823666
0.021491199456561184
0.021463391606582918
0.021455043661926611
0.021368336565637885
0.021349767064937745
0.021349372167876315
0.021345976505774023
0.021321611056144604
0.021315269311766791
0.021273503102499852
0.021268331147631249
0.021259644273913993
0.021240020861543613
0.021192394379491587
0.02116866129162415
0.021156312209212564
0.021091519813429729
0.021077497596306758
0.021070398717810933
0.02101480897517544
0.020985238629980849
0.020977227674364839
0.020930352325999955
0.02091842230878798
0.020916866273239243
0.020914638591999355
0.020895939900860472
0.020894944931917393
0.020863679216117089
0.020820276339289692
0.020776339537534359
0.020709736538761434
0.020700832369383561
0.020669592946630035
0.020641760415250184
0.020641082144157209
0.02057566058955574
0.020499151051613717
0.020496357866591253
0.020490263909109331
0.020485693103812947
0.020483798150653963
0.020478191249251435
0.020434499402634459
0.020433805766943088
0.020408530121097557
0.020380441552913832
0.0203757365747111
0.020358889751683647
0.020356262457043587
0.020352821809573523
0.020349109783499034
0.020301868419238377
0.020289215430756208
0.020278684404441076
0.020253282052813033
0.020211912267079003
0.020200289689868978
0.020132862396549482
0.020131152903437095
0.020131094949325471
0.020106609192947572
0.02009251017681063
0.020084328430339946
0.0200746720236561
0.020024962422455501
0.020013868453436754
0.020011665281161533
0.01997337423846102
0.019936348222369383
0.019892362181587013
0.019886266031819758
0.019866908626791548
0.019866291451197185
0.019860286141489547
0.019828712166813589
0.019820955282375693
0.019809861774420092
0.019792750339459368
0.019762318594310303
0.019757927269426344
0.019753473906293083
0.019734985588999634
0.019715422729030332
0.019706101341287488
0.019699295214288117
0.019681066980071448
0.019641852639955763
0.019620977271643081
0.019591444695678258
0.019579638091240484
0.019551760574475087
0.019547408664914168
0.019527428947387508
0.019523956388506875
0.019512675449995
0.019511417836369008
0.019463629883904272
0.019455505941515957
0.019454775452022028
0.019440659321925312
0.019433366852405105
0.019426493277425298
0.019419776644446676
0.019398079201215838
0.019392049082582425
0.019375904825856168
0.019370395916613325
0.019362631828980355
0.01936173812020435
0.019359562497944034
0.019328413115754166
0.019294114622099116
0.019244027699608222
0.019228229462768767
0.019191160517219013
0.019165128579086622
0.019118302410718605
0.019086658835428566
0.019078022454135014
0.019074717195118843
0.01894914275691291
0.018941449142573692
0.018917631372128003
0.018906522528406355
0.018905829540549503
0.018885417364082561
0.018877076237065242
0.018867362032610163
0.018845563925615559
0.018845544657985842
0.018813300820589969
0.01881044902886251
0.018805647127377666
0.018743074947043345
0.018725888760470866
0.018712185814872741
0.018709961916851928
0.01869878599210812
0.018691754174487343
0.018690268342425067
0.018658589750855652
0.018636300563115302
0.018624394307946379
0.018595878376922923
0.018572518089387386
0.018554322152137134
0.018543368982719834
0.018523609389042895
0.018512925841137541
0.018505442478024513
0.018498027761727154
0.018495345053128987
0.018475141927176249
0.018457141866361774
0.018397184707599219
0.018348886531267761
0.018347829010150075
0.018326492197337275
0.018323639882816694
0.018321389911697041
0.018318990171299451
0.018310130151405864
0.01827378780226915
0.018265233596250298
0.018256099786153092
0.018238117672133191
0.018218458388773024
0.018169474297875562
0.018158953952870451
0.018144140310337242
0.018142438366126321
0.018116550440141252
0.018111098000081625
0.018107653118526853
0.018084279287148411
0.018071221369360478
0.018049750402402202
0.018037139821973039
0.018033188328229199
0.017998681569757275
0.017986526148110967
0.017971301008455724
0.017964877926036779
0.017959844543809809
0.017954805859819796
0.017953001835618765
0.017949120310607507
0.017937687977437906
0.017936947181216762
0.017935327468017563
0.017934517459752958
0.017910228323183515
0.017887081692068905
0.01788484513846391
0.017877704512198882
0.017837546289955004
0.017828335969624021
0.017819698477960715
0.017811626138697672
0.017793075425775184
0.017787065058854773
0.017757068921261557
0.017756083845664104
0.017721375158861869
0.017708269709172306
0.017684351558359179
0.017672999213162045
0.017670231913173018
0.017667414123912335
0.017660194431020425
0.017642462383287653
0.017629026558148818
0.017620312417990676
0.017619019271848491
0.017600473629402955
0.0175983999506493
0.017569705777746299
0.017533527243712783
0.017516776884062224
0.017502419101974823
0.017483216437386959
0.017479292016550907
0.017475352888346677
0.01746151441630045
0.017428750044499727
0.017427059683461931
0.017423438050878745
0.017416231248891318
0.017381664732239725
0.017375543333808249
0.017346282555315781
0.017338453119091986
0.017311990602406447
0.017308251653516096
0.017305735817215642
0.017303434609704328
0.017274408363503278
0.017240012668719898
0.017167501367907755
0.017106402186121777
0.017082786129877774
0.017082151966071234
0.017038452280112869
0.017010088492003018
0.016977641563837208
0.016976852894094022
0.016951725433657066
0.016934238336233316
0.016879098509365024
