0.30177773137171532
0.29457353198967484
0.29226254506673749
0.28748839601954351
0.28351559978950974
0.28302735637919407
0.28032884576810618
0.27794670039854691
0.27567062481703336
0.27551668367291737
0.27456002670651847
0.26983752969320679
0.26812268583044058
0.26764459133445678
0.26532610818822222
0.26518317443673967
0.26077029113959449
0.25923307062168927
0.2591264670613071
0.25888747478797819
0.25824910332288648
0.25456085184887278
0.24857124352415452
0.24416447976139055
0.23995113128508891
0.2392991464213024
0.23915198209725408
0.23730336284069253
0.23522484444787634
0.23175555461260203
0.23085910014723218
0.2305674806998437
0.22930348627571584
0.22929374317746359
0.22786312398158845
0.22752944681788298
0.22479031156910059
0.22341790361993141
0.22279729719081962
0.22194222119481605
0.22156249482608301
0.22152763251171737
0.21941862182626889
0.21926358939718041
0.21786583539851007
0.21678177105849897
0.21504067760393492
0.21331747531176365
0.21296233968354714
0.21112782565361224
0.21104081669149785
0.21095550031701174
0.21028672289921937
0.20963621824040926
0.20871726705451901
0.20720668117520885
0.2071962882124293
0.2054350539141529
0.20517244901393936
0.20389820552141588
0.2038317432172998
0.20337089940499126
0.20172227463642481
0.20157901446077589
0.201324870727104
0.20111028234854533
0.20100173112384753
0.2005557570477913
0.19940363969542718
0.19840661472786694
0.19812842648524592
0.19781559147001399
0.19705188929703929
0.19588112092232901
0.19577756291281323
0.19576542134606034
0.19450849674698067
0.19396395296645311
0.19201097259595645
0.19080598936060855
0.19054964449987585
0.19044268034617304
0.19037626151374606
0.18846492526818001
0.18755374333675268
0.1864018787536745
0.18566238926758852
0.18373474555234867
0.18355573152923543
0.18311804728790093
0.18276262362684531
0.182728106741126
0.18242466357309522
0.18224102270968309
0.18208691709840083
0.181865506059463
0.18154677347932749
0.18018950273706938
0.17955016034802487
0.17948539408454497
0.17911809091593625
0.17909648179403459
0.17862259989464649
0.17831803388288214
0.17752023817777318
0.17705974748890727
0.17543583138457242
0.17503004046761814
0.17422979647266426
0.17403359877892785
0.17334893211981192
0.1720444822535605
0.17161795779572331
0.17091209742807589
0.17043466987252254
0.1702193470391917
0.16985610241778348
0.16980920689987061
0.16955866972113837
0.16947133540151463
0.16916251947210481
0.16892671184890881
0.16839425499031546
0.16816903457955176
0.16769878167752891
0.16715989057932393
0.16684185513032521
0.16607351334678749
0.16605519614289602
0.16591055240627359
0.16566177600977028
0.16467004771899002
0.16464680759200231
0.16429821239563322
0.16412917052735232
0.1638477668256314
0.16357420413227983
0.16337637265728966
0.16276847715125517
0.16260691726658377
0.16242619088944432
0.16135237916015041
0.16133570085926552
0.15992144384212972
0.15974466261718617
0.15880726300829451
0.15855260737126356
0.15839073453896901
0.15756136153224942
0.15724461516405225
0.15722083435716636
0.15710228134018198
0.15673725045368553
0.15655790552010176
0.15627951722739267
0.1560189430459957
0.15483277939991219
0.1546522547876063
0.15426899418105111
0.1539923550770336
0.15396843365375501
0.15384588088667761
0.15358793395899173
0.15345064031430983
0.15325765934957822
0.15314735370629068
0.15312240495326446
0.1529345409029291
0.15286704641088919
0.15279544332152242
0.15197079408361641
0.15184027612207782
0.15180955920713493
0.15163928305342844
0.15142703189796977
0.15098343547187076
0.15034952189803913
0.15028129653843322
0.15020552884507335
0.1499878697332736
0.14977336157866752
0.14920847019120984
0.14897810192308678
0.14866199417308509
0.14847173129849855
0.1484317678563053
0.14762806787559549
0.14736723840103325
0.1473543328876917
0.14735255187767482
0.14712136527547576
0.1470599578084677
0.14687453714274432
0.14665361717766831
0.14650818969018639
0.14632191916734014
0.14627405398707083
0.1458097235958121
0.14563969437459087
0.14563086680153645
0.14505771409217361
0.14470313558760223
0.1443355180634395
0.14412470560646201
0.14398720584719471
0.14378898121280831
0.14339295437739111
0.14287155701885107
0.14245996242859485
0.14220983072223423
0.14200232769657686
0.14185062437964324
0.14172525621374751
0.14122365454630309
0.14110309220928938
0.14047797151056177
0.14045362764031238
0.14031120199870642
0.14018778653694722
0.13990081997682771
0.13989415663690549
0.1379226825198997
0.1377040086696856
0.13750442312523681
0.13620871095850814
0.13602399025787232
0.13587941157039801
0.13574951803544402
0.13548649163471096
0.13528620081234533
0.13504496468308563
0.13486985260138806
0.1347995241415641
0.13477448374323928
0.13442888832219921
0.13442818459002201
0.13440282723805627
0.13434623642494425
0.13422761202626324
0.13390104183788828
0.13379589393542513
0.13372286945697628
0.13354648713019626
0.1334226750003786
0.13319502249692447
0.13282965514217543
0.1319809991827299
0.13140976455711448
0.13136872818143963
0.13067757433702404
0.1306442541298827
0.13021617758026852
0.13016389106251797
0.13008065930837295
0.12963670269970054
0.12961281472079425
0.12956744836238393
0.12923951431829547
0.12868972508481613
0.12848152173515887
0.12836522347677257
0.12831511850734123
0.12714612963361277
0.12698867932729926
0.12590097268775149
0.12509511489717914
0.12494953795606097
0.12480260345935659
0.12456499516542922
0.1243608981156609
0.12423006104679846
0.12410397862875391
0.12385246498163628
0.12375130453831408
0.12348766144163822
0.12305439529909025
0.12266546002224814
0.12263958795004291
0.12171496089133636
0.12164356280782376
0.12147184787576869
0.12144040508184616
0.12112219924305774
0.12092196629833252
0.12080655392334146
0.12038133170881847
0.12031884286925884
0.12018870969198882
0.120145732066145
0.12009967892232551
0.12007412414643809
0.11954400565109678
0.11917819582867061
0.11906874500166084
0.11882745599085823
0.11829185461387537
0.11825514460965139
0.11815813446342155
0.11772012272367678
0.11727055047168897
0.11707851695131323
0.11705278417372948
0.11625409872773443
0.11579828522086251
0.11554162390173699
0.11540789114384503
0.11443012975039774
0.11442602205895067
0.11407063182571449
0.11397292689073371
0.11388348796991617
0.11356687006914493
0.11237966070931621
0.11213887190383842
0.1120341404240863
0.11168516439177091
0.11161886236757852
0.1114983712022727
0.11122000030156007
0.11095532904574304
0.11094453510640241
0.11029081485014004
0.11026963376484362
0.11009093523553123
0.10986979216737933
0.10979306542316208
0.10956239886871288
0.10937240999194835
0.10882079511298931
0.10880578962951491
0.10849066815063356
0.10844032066991431
0.10809224351110154
0.10782341547274212
0.10773002886620603
0.10771294014156652
0.10759286344194119
0.10741496660157204
0.10727982234561827
0.10725308082841928
0.10708638259456636
0.10708379185129385
0.10700216080589767
0.10688291095514146
0.10675912026299143
0.10674714142181413
0.10610981752625862
0.10587118560029431
0.10587079241065282
0.1050406081559218
0.1044895426219454
0.10448427981836898
0.10426871433886449
0.10425266000996966
0.10422099254567825
0.10283326094630098
0.10281929335600777
0.1028149624726787
0.10262540814723434
0.102612166595764
0.10242157904538737
0.10240443901566815
0.10237268363422615
0.10235379903086596
0.10223691560929138
0.10176805450738073
0.1016513934582715
0.10150310098564755
0.10134367387485091
0.10108922419180739
0.10087184665050747
0.10084625263992487
0.10068705710104976
0.10056819879523361
0.10038436596451467
0.10037223125874205
0.10022940637021509
0.10015174442439231
0.099563025380094108
0.099257915471708244
0.099067759313685513
0.099063557412816347
0.098623724691762782
0.0983378740891485
0.098327010946625187
0.098199953677318264
0.097545102825130167
0.097418809161513131
0.097285029732833303
0.097129681558415351
0.097082221120927903
0.097045765238168727
0.096964082992200537
0.096481546051089578
0.096309257308000606
0.096308897867009996
0.09612407219591744
0.095941814704681189
0.095808683014532797
0.095499731318209172
0.095449940795421517
0.095417333096193935
0.094886307189146715
0.094619683385670769
0.09440082633876859
0.094064556751455836
0.094055070537909
0.093783949837584771
0.093703535746213804
0.093546291170169507
0.093451192380071171
0.09329838367065707
0.093050908524285089
0.092877613078488977
0.092846858757665879
0.092816178853830408
0.092480924532583775
0.092347492001734852
0.092099005605521991
0.092059425051200364
0.09204237064459278
0.091440185276566791
0.091171889480088822
0.090749531199209241
0.090594946086114458
0.090585108521599858
0.090554242852612446
0.090552941800545628
0.090515029462793606
0.090508093317428595
0.090259985788561231
0.089935508265388639
0.089847559643061209
0.08956646045911347
0.089456469335344499
0.089212228484696177
0.089156962629066347
0.088891888122033122
0.088864683750481205
0.088716799024460308
0.088649953952456104
0.088540902655593889
0.088462901326474164
0.088220930328370903
0.088188454505213662
0.088081754660691819
0.088001939530748696
0.08793346234605999
0.087893345064373157
0.087835757023185634
0.08781759375997486
0.087705630515513472
0.087699006273034577
0.087582682062520748
0.087581149242407563
0.087369332793931456
0.08705519911133365
0.08702034650065664
0.086914650771444585
0.086710122046091728
0.086473645848439598
0.086154501046129373
0.086140045419668632
0.08594996134611238
0.085801406787498646
0.085733921522743298
0.085352953623384104
0.084905364213876885
0.084436350948824512
0.084384578997550905
0.084323176880127929
0.084077817679360262
0.084069618927677517
0.083944595963791793
0.083799841199577105
0.083751975973373416
0.083706313235238874
0.083340949218823734
0.08308500081222242
0.082964545875973184
0.082912140952238561
0.082786557399982863
0.08248942702411137
0.082430914348886941
0.082294013166767863
0.081914566981129658
0.081745314006293868
0.081724117829934495
0.081393726033318139
0.081313526432145192
0.081175636176012159
0.081171241811301698
0.081046619121490943
0.081016405952606632
0.080790017615525372
0.080786656509781812
0.080722431127820182
0.080608991501098293
0.080479665400366052
0.080442110442337053
0.080383950575998134
0.080183703218193875
0.080173361533072918
0.080134217151288323
0.079890065759201725
0.079328930453369834
0.079228384665465806
0.0790452953770477
0.079018083867072222
0.078946014318242483
0.078939969981374564
0.078882488190282166
0.078851888424607983
0.078828258298077505
0.078757179040716566
0.078670805228517951
0.078321605885967663
0.077998249745883499
0.077980496427427798
0.077621987172807133
0.077540716527250433
0.077462287159482737
0.077365398711300229
0.077325840976916943
0.076950016703268273
0.076909584039622184
0.076472145039375411
0.076401596864936791
0.076361551308958095
0.076239793805941286
0.076214155178683227
0.076154877079061489
0.076016837414618121
0.07591716422768148
0.075781336822356077
0.075774058940641584
0.075683890779013163
0.075584674672783597
0.075487965311057503
0.075485789925638078
0.075304145285175345
0.075249933333401631
0.075127710770692163
0.075109815828245247
0.074527461829567931
0.074264324717893473
0.074201249739638014
0.07417986898799088
0.074052097466478853
0.073829597119284912
0.073208679972716337
0.073160810544677893
0.073029676169396138
0.072699364546070733
0.072641701072779397
0.072610453818205384
0.072534013287138627
0.072476660197615866
0.072457358716357417
0.072417089786744326
0.072309543013978586
0.072268474849964015
0.07225954497149735
0.072217155606994807
0.072102763352466251
0.072070642267710081
0.07187466356542202
0.071703819385708342
0.071348762840364816
0.071223852352062259
0.071089211999753363
0.070906218104617696
0.070813017003855935
0.070781092944703181
0.070767976780774178
0.070458326541432068
0.070121967616121328
0.070080203704800448
0.070072936320888832
0.070011425452580406
0.069979254920648104
0.06997714085276846
0.069693259450159431
0.069631245489612553
0.069621432748716558
0.069457968499772052
0.069383645806486538
0.069078089799619782
0.068709744845790233
0.068613295118718179
0.068506210535857828
0.068389268951792814
0.068384210434151313
0.06831170413114486
0.068136460748703637
0.068027835203120654
0.068005571344688515
0.067932576094808461
0.06783989684837087
0.067805136034873245
0.067742555956930184
0.067624059045765697
0.067574937337949434
0.067379373679098187
0.067298057524772456
0.067281444018228984
0.067213952733699997
0.06716446949461255
0.067154792983439057
0.066925137714435409
0.066692591747966656
0.066553850988417207
0.066499776244146214
0.066339611360112016
0.066213012327072149
0.066211439658891647
0.066191825976883473
0.066176212163112716
0.066093394163284039
0.065854299746864436
0.06579955787216267
0.065790442667961954
0.065748294596286949
0.065747547191885802
0.065642170269668634
0.065347621349649068
0.065332711555048856
0.065332392803246625
0.065137721959578551
0.064806193447712226
0.064743486117528809
0.064738568140857045
0.064719168489383111
0.064480971425706066
0.064172379587201123
0.064147707164501855
0.064137824876967953
0.064104970491974014
0.063900518458971933
0.06386471087977702
0.063793074433830407
0.063661865908986259
0.063572359630110598
0.063556675326024686
0.063517234889767543
0.063338621813849805
0.06330060222218381
0.063267762259170968
0.063183366729781643
0.063120952351562398
0.0630402156532862
0.062975781087077951
0.062892227958658606
0.06284679635339617
0.062737064203186865
0.06258181215765464
0.062500287422728867
0.062427883008787731
0.062317331719932569
0.062292336099115136
0.062198090638761638
0.062056765333538613
0.062008787320633099
0.061927342055104521
0.061895989350835429
0.061750195947340054
0.061654836004403933
0.061594532105135942
0.061268797784873499
0.061097958694229168
0.061061284986242553
0.061023804065344578
0.060993630510649287
0.060840848877654979
0.060816865643301923
0.060776810066030723
0.060733518081964505
0.060659464033340181
0.060515824354143169
0.060443942500206384
0.060394242815844087
0.060334224317225918
0.060142289728111205
0.060093503631757854
0.060044942295584561
0.059733447849079031
0.059703699194638506
0.059619754119100178
0.059619712253508539
0.059524110917284843
0.058933982150993547
0.058878042363889313
0.058832293719432514
0.058774802868472913
0.058756141785868042
0.058700257177172935
0.058653895852256936
0.058259730691474214
0.058024599422229824
0.057906509350715597
0.057833305863401928
0.057787096904080008
0.057685583852576716
0.057515814015415188
0.057497339090440247
0.057392095187003986
0.057382142444100087
0.057038995775900179
0.056881548058761805
0.05685479650539195
0.056781394322095752
0.056678177087887451
0.056386900899788754
0.056310478600141461
0.056238138642494058
0.056216008803894824
0.056121049264195436
0.056120343066932296
0.056076655173069492
0.055823581973241075
0.05581101345965362
0.055707301838457374
0.05544147780018447
0.055399811716863
0.055372139180521404
0.055340295823531324
0.055311976862810294
0.055176559069785247
0.055021769156427619
0.05483031703259382
0.054808781401094971
0.054708963062799668
0.054704222539263526
0.054518738572131825
0.054454183913456571
0.054398908336836999
0.053803602854096307
0.05379393119554822
0.053788848567276761
0.053772887257421693
0.053736225314327681
0.053735737979452559
0.053734402847675514
0.053623752081595109
0.053568239681699874
0.053567906747144525
0.053454304534254551
0.053363683742458992
0.053325971793657688
0.053129539879444146
0.053029280834065155
0.053020461230324917
0.053015211462871033
0.052922263039463846
0.052905520821818999
0.052854063841759363
0.052577281393499979
0.052215039741560956
0.052153971274849047
0.052111663117881443
0.052059085297676722
0.052019236429375469
0.051967176594241667
0.051910910140871978
0.051909351379907799
0.051831965908626647
0.051717354982252994
0.051582859116915972
0.051303306722940076
0.051230350232573815
0.051156188303345902
0.051123606679183482
0.05103338003394433
0.051012157292808287
0.050967266492364716
0.050864620347973732
0.050857450665558808
0.05083054550567568
0.050514016787519704
0.050477171772490594
0.050365740020662769
0.050240962341312451
0.050184004231201965
0.050133899023678014
0.050114337206685892
0.050071051911095003
0.050015766351860592
0.049944881053690451
0.049912090535484441
0.049904373064329793
0.049800454383861707
0.049713012168388152
0.049576521207867194
0.049462414731861089
0.049440779447015436
0.04938327939343929
0.049288747444629355
0.049165151229402945
0.049158523306225367
0.048965676986698771
0.048835409135421462
0.048777783023204617
0.048637376296912185
0.048480965384747998
0.048454838027860103
0.048438703112555596
0.048424620311341794
0.048386203854502735
0.048341873182572742
0.048145190568542995
0.0480531047926991
0.047949568365578045
0.047936492959383896
0.047853575275254003
0.047781699334447099
0.047659598035097415
0.04753821030903066
0.047499985072746248
0.047452279116716407
0.04741008382106645
0.047386437362453446
0.04728986955075927
0.047287278460265238
0.047276062004550104
0.047221876660015989
0.047185101917555733
0.047155927045740238
0.047023372922028683
0.046930571958544644
0.046831068633985798
0.046818634342294017
0.046708639123146878
0.0466639713879166
0.046509322541138313
0.046429172561251598
0.046361002118247022
0.046296890406417872
0.046222682499790196
0.046213993559495722
0.046044995753873323
0.045883644727086108
0.045832377199345263
0.045728920080331595
0.045721980297453849
0.045693764071916866
0.045658435808413764
0.045618636203065152
0.045618367288647453
0.045604205064949756
0.045530410858927263
0.045483801497854824
0.045480645838754219
0.045480220999210993
0.04541453793752475
0.045410430161905449
0.045363147934797288
0.045263845015823374
0.045208655775923992
0.045192135134347
0.045120292987056977
0.045043950969259686
0.045002261621881354
0.044905725515703911
0.044899725982814595
0.044833545914403194
0.04474090105737398
0.044722322320731499
0.04471065038162348
0.044684522020710035
0.044347081870791651
0.044181362110053884
0.044157009491863304
0.044144993846680643
0.044139668630056826
0.0441092241126455
0.043951240356790718
0.043914785459485919
0.043882791985394361
0.043881847781951193
0.043775921394144338
0.043749788198346226
0.043693497117035095
0.04368195663504934
0.043630252532056053
0.043581060464270009
0.043501397499479427
0.043478518055172992
0.043477615064528061
0.043444964168040695
0.043416899329241601
0.043370454209037977
0.043368379498780578
0.043351522677035424
0.043340966626671674
0.043308944230983311
0.043254024770947308
0.043234219938357465
0.043211465426088468
0.043151463945572968
0.043053110324680406
0.04301793421195841
0.043017068996053058
0.043004703558996792
0.042945404042799902
0.04276424903566331
0.042762384854202432
0.042742461878111357
0.042710630454038195
0.042686346841121187
0.042676271509206117
0.042627367364281306
0.042599488993582686
0.042592553758346363
0.042484113396115221
0.042454772721258187
0.042452489998126876
0.042449817114396299
0.042236190552767117
0.042164272134990619
0.042100653810241619
0.042097064822811239
0.042086018427503841
0.042086017977597354
0.04208387712467055
0.04207344997345696
0.042038425101646577
0.041988076253386741
0.041953327213867762
0.041898612902350661
0.041830084903417643
0.041813068892672133
0.0417879752311235
0.041598165410237371
0.041564186694539255
0.041542845823025788
0.041490986687059771
0.041417159128278071
0.041394078416713345
0.041352425627667486
0.041296166315838594
0.04124875233464876
0.041125552100191178
0.040988477458609195
0.040968719650810365
0.040962579570145555
0.040810223990419968
0.040595684830969744
0.040536624319340506
0.040520207170876232
0.040429733866979713
0.040420434176565163
0.040387857003489451
0.040362783311539724
0.040359665976976378
0.040215978842400087
0.040212344774366041
0.040212340733011581
0.040174619714463129
0.040006910621082734
0.04000206524875307
0.039883644176794082
0.039835353050333214
0.039828644553488543
0.039735860662274143
0.039713712624160222
0.039701793570625747
0.039698762875340687
0.03967989630777314
0.039675704940052611
0.039662387811699139
0.03964382810186233
0.039582071439476452
0.039518630282337062
0.039452002533717188
0.039445691183332368
0.039423776267645462
0.039392243028013717
0.039372435968132231
0.039358139525632829
0.039351105116572901
0.039285852248512013
0.039267894044433545
0.039208716913759399
0.039197995355863338
0.039156415477663582
0.039107963712836417
0.039011828251104601
0.038992817791738008
0.038957271348852712
0.038935007639261845
0.038909458411669567
0.038901990415524362
0.038780224798170941
0.038645187029920883
0.038614422131982074
0.038561224390459982
0.038558302191093012
0.03842395431602972
0.03841610338928083
0.038386961853286314
0.038213458012856659
0.038152026495064321
0.038099132789509348
0.0379624206950126
0.03790804960301649
0.03790093411861168
0.037847160786979528
0.037775992612178781
0.037775583035536534
0.037704159669791668
0.03768553593967805
0.037684191796310579
0.037631623998736465
0.0375154757540005
0.037477492036404859
0.037447496953518775
0.037425276337609073
0.037401572990326516
0.037367366665098579
0.037321784943849523
0.037305500438217322
0.037303044432466868
0.037300609035165563
0.037237958146413543
0.037233414188594945
0.03713777469621346
0.037135010755687467
0.036969674571542509
0.036967454693624953
0.036813054756804638
0.036778984539891847
0.036697384734783331
0.036625659336984737
0.036482077931284808
0.036413548159997346
0.036368643561950506
0.036365515868474169
0.036350207549963126
0.036294665600164949
0.03625550774165924
0.036199008949956285
0.036195546666460382
0.036192615503098303
0.036174621626408963
0.036149813313598365
0.036103112664896554
0.03606829812235654
0.035853964384235291
0.035831235019993746
0.035677052094203507
0.035661751312509635
0.035659931836238758
0.035618741772884245
0.035560854125336279
0.03553808574626393
0.035519522532038397
0.035485782155891259
0.035460050314220427
0.035420731508609193
0.035379681152611753
0.035368874146957267
0.035306451540959377
0.035284850575092126
0.035268368368904193
0.035194658042968743
0.035156381908261695
0.035103928273873285
0.03506335558801419
0.03503968859968673
0.035035390680145939
0.034995872007794318
0.034966898871055904
0.034934950399647703
0.034897794782891289
0.034894998163808297
0.034882534805450754
0.034858081562864782
0.034849551541320856
0.034847225960568363
0.034816571892062866
0.034783372147361331
0.034776326787822276
0.034730805410003646
0.034685003428257102
0.034657049979731631
0.03445906925575954
0.034448061876845334
0.034437041621373558
0.034394230982748367
0.034361542192921354
0.034326528897915667
0.034319935813450601
0.034294966998976828
0.034270262537121947
0.034233838216865341
0.034151001655898426
0.034083747257590634
0.034008938819647977
0.034003613672098296
0.033953050906400578
0.033949475393256816
0.0339411348629753
0.033934940884254715
0.033931007962513401
0.033920026912886508
0.033892525544670891
0.033879835650640913
0.033804226011343141
0.0337562754324384
0.033736067416102015
0.033691403055980729
0.033671176215668348
0.033639540341594616
0.033569968076380456
0.03354491653041855
0.033427119188361838
0.0334132485897203
0.033407145666223922
0.033324977020802268
0.033307428655546437
0.033268851722889875
0.033253964462912684
0.033155525534801139
0.033148853451384838
0.033100602631994554
0.033071955347910825
0.03304830834296673
0.033005988814018651
0.032998856410652776
0.032984064200711011
0.032935132469082397
0.032926085880797998
0.032917813619502065
0.032914330619945462
0.032874269523727281
0.032858164457550659
0.032858163771676829
0.032840274489909553
0.032814287172357612
0.032788305199141388
0.032778649058271381
0.032678804736999266
0.032663831232804925
0.032637530812488318
0.032634230784555254
0.032604877067508892
0.03249646949508183
0.032489785906102721
0.03245729111561154
0.03244078073229989
0.032414345825692997
0.032344362687646837
0.032340184579253251
0.03234000613709824
0.032332638855044588
0.032271648767312658
0.032165496892624254
0.032027147274398739
0.032025457114766245
0.032018188751687417
0.031983513211711265
0.031983184682623046
0.031962951158530067
0.031946706790819117
0.031889457134713813
0.031842347721679091
0.031825096593320612
0.031822254647266963
0.03179349521148752
0.031729450519936669
0.031694719449391652
0.031690703708718564
0.031690023417273235
0.031679930801436905
0.031523159007528403
0.031431719887707169
0.031404038760647415
0.031335570524392335
0.031316319295097775
0.031249134555329919
0.031244344511346504
0.031157608876523933
0.031131258000285874
0.031112032040756799
0.031083442729505775
0.030845712098658131
0.030815659526891231
0.030768140905204064
0.030737160142522039
0.030719199187446498
0.030705388182614389
0.030700518300739259
0.030689921544712249
0.030679436195188873
0.030664458992205483
0.030646115718691837
0.030617401132558973
0.030594327819087455
0.030593321738756639
0.030591084080535437
0.030571593317207341
0.030562100863228258
0.030549668091080059
0.030539898084751306
0.030506282545364569
0.030494455741732207
0.030452678992995811
0.030429059165256282
0.030341626808441349
0.030316961800051664
0.030288909949694735
0.030271468200538346
0.030187092617967318
0.030154452204038094
0.030148784485994673
0.030103192947876195
0.030039761149409708
0.029877496115802038
0.029875510917294401
0.029863616702705899
0.029856875624946103
0.02984384050264751
0.029842704835546404
0.029807014184246975
0.029783092637697448
0.029738112412906966
0.029726756254290512
0.029720551971708278
0.029712386481971619
0.029705408335587682
0.029685697485845892
0.029658291613755584
0.029597826718586715
0.029563653512694237
0.029562657171523576
0.029561490309377828
0.029541548307314737
0.029482978102371316
0.029453860878964643
0.029430072681536655
0.029412587025126273
0.029395823798890459
0.029375125926201638
0.029288894710548814
0.029278583642233444
0.029257353276717336
0.029252542539614467
0.029251652400855362
0.029251479462982313
0.029154858795244813
0.029150357674726245
0.029090126451801462
0.029083222179464126
0.029071538476591319
